<?xml version="1.0" encoding="UTF-8"?>
<!-- Generated by org.testng.reporters.JUnitXMLReporter -->
<testsuite hostname="DESKTOP-AAJ02US" ignored="0" name="Structure, parallel, parameter passing" tests="4" failures="0" timestamp="26 Feb 2021 08:42:53 GMT" time="0.086" errors="0">
  <testcase name="calculatorTest1" time="0.043" classname="tests.lesson1.calculator.CalculatorTest"/>
  <testcase name="calculatorTest2" time="0.005" classname="tests.lesson1.calculator.CalculatorTest"/>
  <testcase name="calculatorTest3" time="0.006" classname="tests.lesson1.calculator.CalculatorTest"/>
  <testcase name="calculatorTest4" time="0.005" classname="tests.lesson1.calculator.CalculatorTest"/>
</testsuite> <!-- Structure, parallel, parameter passing -->
