<?xml version="1.0" encoding="UTF-8"?>
<!-- Generated by org.testng.reporters.JUnitXMLReporter -->
<testsuite hostname="DESKTOP-AAJ02US" ignored="0" name="Structure, parallel, parameter passing" tests="4" failures="0" timestamp="21 Feb 2021 11:33:30 GMT" time="0.045" errors="0">
  <testcase name="calculatorTest1" time="0.02" classname="tests.lesson1.calculator.CalculatorTest"/>
  <testcase name="calculatorTest2" time="0.004" classname="tests.lesson1.calculator.CalculatorTest"/>
  <testcase name="calculatorTest3" time="0.004" classname="tests.lesson1.calculator.CalculatorTest"/>
  <testcase name="calculatorTest4" time="0.004" classname="tests.lesson1.calculator.CalculatorTest"/>
</testsuite> <!-- Structure, parallel, parameter passing -->
