<?xml version="1.0" encoding="UTF-8"?>
<!-- Generated by org.testng.reporters.JUnitXMLReporter -->
<testsuite hostname="DESKTOP-AAJ02US" ignored="1" name="BeforeAfterSuiteTestClassMethod" tests="2" failures="0" timestamp="26 Feb 2021 08:42:53 GMT" time="0.031" errors="0">
  <testcase name="testMethod1" time="0.004" classname="tests.lesson1.beforeAfterSuiteTestClassMethod.BeforeAfterSuiteTestClassMethod"/>
  <testcase name="testMethod3" time="0.002" classname="tests.lesson1.beforeAfterSuiteTestClassMethod.BeforeAfterSuiteTestClassMethod"/>
  <testcase name="testMethod2" time="0.0" classname="tests.lesson1.beforeAfterSuiteTestClassMethod.BeforeAfterSuiteTestClassMethod">
    <ignored/>
  </testcase> <!-- testMethod2 -->
</testsuite> <!-- BeforeAfterSuiteTestClassMethod -->
