<?xml version="1.0" encoding="UTF-8"?>
<testsuite xmlns:xsi="http://www.w3.org/2001/XMLSchema-instance" xsi:noNamespaceSchemaLocation="https://maven.apache.org/surefire/maven-surefire-plugin/xsd/surefire-test-report.xsd" name="TestSuite" time="107.654" tests="11" errors="0" skipped="0" failures="1">
  <properties>
[...]
</properties>
  <testcase name="checkDownloading" classname="tests.lesson1.pageObject.SendEmailTest" time="63.433"/>
  <testcase name="checkDownloading" classname="tests.lesson1.pageObject.SendEmailTest" time="0.001">
    <failure message="File was not downloaded expected [true] but found [false]" type="java.lang.AssertionError">java.lang.AssertionError: File was not downloaded expected [true] but found [false]
	at tests.lesson1.pageObject.SendEmailTest.checkDownloading(SendEmailTest.java:39)
</failure>
    <system-out><![CDATA[&amp#27;[36mI am in onTestStart method checkingLoginToTheEmailAndSendingTheMail start&amp#27;[0m
]]></system-out>
  </testcase>
  <testcase name="checkingLoginToTheEmailAndSendingTheMail" classname="tests.lesson1.pageObject.SendEmailTest" time="8.071"/>
  <testcase name="checkingLoginToTheEmailAndSendingTheMail" classname="tests.lesson1.pageObject.SendEmailTest" time="10.305"/>
  <testcase name="calculatorTest1" classname="tests.lesson1.calculator.CalculatorTest" time="0.036"/>
  <testcase name="calculatorTest2" classname="tests.lesson1.calculator.CalculatorTest" time="0.013"/>
  <testcase name="calculatorTest3" classname="tests.lesson1.calculator.CalculatorTest" time="0.003"/>
  <testcase name="calculatorTest4" classname="tests.lesson1.calculator.CalculatorTest" time="0.005"/>
  <testcase name="testMethod1" classname="tests.lesson1.beforeAfterSuiteTestClassMethod.BeforeAfterSuiteTestClassMethod" time="0.007"/>
  <testcase name="testMethod3" classname="tests.lesson1.beforeAfterSuiteTestClassMethod.BeforeAfterSuiteTestClassMethod" time="0.004"/>
  <testcase name="parametersFromTestNG" classname="tests.lesson3.CalculatorTest" time="0.007"/>
</testsuite>