<?xml version="1.0" encoding="UTF-8"?>
<!-- Generated by org.testng.reporters.JUnitXMLReporter -->
<testsuite hostname="DESKTOP-AAJ02US" ignored="0" name="SendEmailTest using Chrome" tests="2" failures="0" timestamp="21 Feb 2021 11:32:39 GMT" time="44.546" errors="0">
  <testcase name="checkDownloading" time="30.521" classname="tests.lesson1.pageObject.SendEmailTest"/>
  <testcase name="checkingLoginToTheEmailAndSendingTheMail" time="4.022" classname="tests.lesson1.pageObject.SendEmailTest"/>
</testsuite> <!-- SendEmailTest using Chrome -->
