<?xml version="1.0" encoding="UTF-8"?>
<!-- Generated by org.testng.reporters.JUnitXMLReporter -->
<testsuite hostname="DESKTOP-AAJ02US" ignored="0" name="SendEmailTest using Mozilla" tests="2" failures="0" timestamp="26 Feb 2021 08:42:47 GMT" time="98.927" errors="0">
  <testcase name="checkDownloading" time="69.387" classname="tests.lesson1.pageObject.SendEmailTest"/>
  <testcase name="checkingLoginToTheEmailAndSendingTheMail" time="8.775" classname="tests.lesson1.pageObject.SendEmailTest"/>
</testsuite> <!-- SendEmailTest using Mozilla -->
